{"level":"DEBUG","time":"2024-06-13T21:50:16.519+0800","caller":"bluebell/main.go:37","msg":"logger init success..."}
{"level":"DEBUG","time":"2024-06-13T21:50:36.504+0800","caller":"bluebell/main.go:37","msg":"logger init success..."}
{"level":"INFO","time":"2024-06-13T21:50:47.790+0800","caller":"bluebell/main.go:72","msg":"Shutdown Server ..."}
{"level":"INFO","time":"2024-06-13T21:50:47.790+0800","caller":"bluebell/main.go:81","msg":"Server exiting"}
{"level":"DEBUG","time":"2024-06-16T20:03:37.778+0800","caller":"bluebell/main.go:38","msg":"logger init success..."}
{"level":"INFO","time":"2024-06-16T20:03:49.556+0800","caller":"bluebell/main.go:77","msg":"Shutdown Server ..."}
{"level":"INFO","time":"2024-06-16T20:03:49.556+0800","caller":"bluebell/main.go:86","msg":"Server exiting"}
{"level":"DEBUG","time":"2024-06-16T20:12:40.033+0800","caller":"bluebell/main.go:38","msg":"logger init success..."}
{"level":"INFO","time":"2024-06-16T20:18:28.226+0800","caller":"bluebell/main.go:77","msg":"Shutdown Server ..."}
{"level":"INFO","time":"2024-06-16T20:18:28.226+0800","caller":"bluebell/main.go:86","msg":"Server exiting"}
{"level":"DEBUG","time":"2024-06-16T20:18:40.456+0800","caller":"bluebell/main.go:38","msg":"logger init success..."}
{"level":"INFO","time":"2024-06-16T20:21:21.188+0800","caller":"bluebell/main.go:77","msg":"Shutdown Server ..."}
{"level":"INFO","time":"2024-06-16T20:21:21.188+0800","caller":"bluebell/main.go:86","msg":"Server exiting"}
{"level":"DEBUG","time":"2024-06-16T20:21:26.767+0800","caller":"bluebell/main.go:38","msg":"logger init success..."}
{"level":"INFO","time":"2024-06-16T20:22:16.214+0800","caller":"bluebell/main.go:77","msg":"Shutdown Server ..."}
{"level":"INFO","time":"2024-06-16T20:22:16.214+0800","caller":"bluebell/main.go:86","msg":"Server exiting"}
{"level":"DEBUG","time":"2024-06-16T20:23:48.602+0800","caller":"bluebell/main.go:38","msg":"logger init success..."}
{"level":"ERROR","time":"2024-06-16T20:28:19.051+0800","caller":"controllers/user.go:16","msg":"SignUp with invalid param","error":"invalid character 'x' after object key"}
{"level":"INFO","time":"2024-06-16T20:28:19.051+0800","caller":"logger/logger.go:71","msg":"/signup","status":200,"method":"POST","path":"/signup","query":"","ip":"127.0.0.1","user-agent":"PostmanRuntime/7.29.0","errors":"","cost":0}
{"level":"ERROR","time":"2024-06-16T20:29:53.314+0800","caller":"logger/logger.go:113","msg":"[Recovery from panic]","error":"runtime error: invalid memory address or nil pointer dereference","request":"POST /signup HTTP/1.1\r\nHost: 127.0.0.1:8080\r\nAccept: */*\r\nAccept-Encoding: gzip, deflate, br\r\nCache-Control: no-cache\r\nConnection: keep-alive\r\nContent-Length: 75\r\nContent-Type: text/plain\r\nPostman-Token: 9d014f10-6fbb-4330-9295-050be7a9a46a\r\nUser-Agent: PostmanRuntime/7.29.0\r\n\r\n","stack":"goroutine 51 [running]:\nruntime/debug.Stack()\n\tD:/GO/go/src/runtime/debug/stack.go:24 +0x65\nbluebell/logger.GinRecovery.func1.1()\n\tC:/Users/愤怒的纸鸭/Desktop/bluebell/logger/logger.go:116 +0x2da\npanic({0xaba080, 0xf445a0})\n\tD:/GO/go/src/runtime/panic.go:884 +0x213\ngithub.com/bwmarrin/snowflake.(*Node).Generate(0x0)\n\tD:/Goproject/pkg/mod/github.com/bwmarrin/snowflake@v0.3.0/snowflake.go:137 +0x27\nbluebell/pkg/snowflake.GenID(...)\n\tC:/Users/愤怒的纸鸭/Desktop/bluebell/pkg/snowflake/snowflake.go:22\nbluebell/logic.SignUp(...)\n\tC:/Users/愤怒的纸鸭/Desktop/bluebell/logic/user.go:13\nbluebell/controllers.SignUpHandler(0xc00015a200)\n\tC:/Users/愤怒的纸鸭/Desktop/bluebell/controllers/user.go:21 +0x2a5\ngithub.com/gin-gonic/gin.(*Context).Next(...)\n\tD:/Goproject/pkg/mod/github.com/gin-gonic/gin@v1.10.0/context.go:185\nbluebell/logger.GinRecovery.func1(0xc00015a200)\n\tC:/Users/愤怒的纸鸭/Desktop/bluebell/logger/logger.go:127 +0x76\ngithub.com/gin-gonic/gin.(*Context).Next(...)\n\tD:/Goproject/pkg/mod/github.com/gin-gonic/gin@v1.10.0/context.go:185\nbluebell/logger.GinLogger.func1(0xc00015a200)\n\tC:/Users/愤怒的纸鸭/Desktop/bluebell/logger/logger.go:68 +0x9d\ngithub.com/gin-gonic/gin.(*Context).Next(...)\n\tD:/Goproject/pkg/mod/github.com/gin-gonic/gin@v1.10.0/context.go:185\ngithub.com/gin-gonic/gin.(*Engine).handleHTTPRequest(0xc000084ea0, 0xc00015a200)\n\tD:/Goproject/pkg/mod/github.com/gin-gonic/gin@v1.10.0/gin.go:633 +0x895\ngithub.com/gin-gonic/gin.(*Engine).ServeHTTP(0xc000084ea0, {0xc31de0?, 0xc0001b40e0}, 0xc00015a100)\n\tD:/Goproject/pkg/mod/github.com/gin-gonic/gin@v1.10.0/gin.go:589 +0x1dd\nnet/http.serverHandler.ServeHTTP({0xc30f00?}, {0xc31de0, 0xc0001b40e0}, 0xc00015a100)\n\tD:/GO/go/src/net/http/server.go:2936 +0x316\nnet/http.(*conn).serve(0xc0004bc090, {0xc32438, 0xc0001b3080})\n\tD:/GO/go/src/net/http/server.go:1995 +0x612\ncreated by net/http.(*Server).Serve\n\tD:/GO/go/src/net/http/server.go:3089 +0x5ed\n"}
{"level":"INFO","time":"2024-06-16T20:29:53.314+0800","caller":"logger/logger.go:71","msg":"/signup","status":500,"method":"POST","path":"/signup","query":"","ip":"127.0.0.1","user-agent":"PostmanRuntime/7.29.0","errors":"","cost":0.0007129}
{"level":"ERROR","time":"2024-06-16T20:29:57.143+0800","caller":"logger/logger.go:113","msg":"[Recovery from panic]","error":"runtime error: invalid memory address or nil pointer dereference","request":"POST /signup HTTP/1.1\r\nHost: 127.0.0.1:8080\r\nAccept: */*\r\nAccept-Encoding: gzip, deflate, br\r\nCache-Control: no-cache\r\nConnection: keep-alive\r\nContent-Length: 75\r\nContent-Type: text/plain\r\nPostman-Token: cfae92af-527d-453b-8b89-cf20b63f0fae\r\nUser-Agent: PostmanRuntime/7.29.0\r\n\r\n","stack":"goroutine 51 [running]:\nruntime/debug.Stack()\n\tD:/GO/go/src/runtime/debug/stack.go:24 +0x65\nbluebell/logger.GinRecovery.func1.1()\n\tC:/Users/愤怒的纸鸭/Desktop/bluebell/logger/logger.go:116 +0x2da\npanic({0xaba080, 0xf445a0})\n\tD:/GO/go/src/runtime/panic.go:884 +0x213\ngithub.com/bwmarrin/snowflake.(*Node).Generate(0x0)\n\tD:/Goproject/pkg/mod/github.com/bwmarrin/snowflake@v0.3.0/snowflake.go:137 +0x27\nbluebell/pkg/snowflake.GenID(...)\n\tC:/Users/愤怒的纸鸭/Desktop/bluebell/pkg/snowflake/snowflake.go:22\nbluebell/logic.SignUp(...)\n\tC:/Users/愤怒的纸鸭/Desktop/bluebell/logic/user.go:13\nbluebell/controllers.SignUpHandler(0xc00015a200)\n\tC:/Users/愤怒的纸鸭/Desktop/bluebell/controllers/user.go:21 +0x2a5\ngithub.com/gin-gonic/gin.(*Context).Next(...)\n\tD:/Goproject/pkg/mod/github.com/gin-gonic/gin@v1.10.0/context.go:185\nbluebell/logger.GinRecovery.func1(0xc00015a200)\n\tC:/Users/愤怒的纸鸭/Desktop/bluebell/logger/logger.go:127 +0x76\ngithub.com/gin-gonic/gin.(*Context).Next(...)\n\tD:/Goproject/pkg/mod/github.com/gin-gonic/gin@v1.10.0/context.go:185\nbluebell/logger.GinLogger.func1(0xc00015a200)\n\tC:/Users/愤怒的纸鸭/Desktop/bluebell/logger/logger.go:68 +0x9d\ngithub.com/gin-gonic/gin.(*Context).Next(...)\n\tD:/Goproject/pkg/mod/github.com/gin-gonic/gin@v1.10.0/context.go:185\ngithub.com/gin-gonic/gin.(*Engine).handleHTTPRequest(0xc000084ea0, 0xc00015a200)\n\tD:/Goproject/pkg/mod/github.com/gin-gonic/gin@v1.10.0/gin.go:633 +0x895\ngithub.com/gin-gonic/gin.(*Engine).ServeHTTP(0xc000084ea0, {0xc31de0?, 0xc0001b4380}, 0xc00015a300)\n\tD:/Goproject/pkg/mod/github.com/gin-gonic/gin@v1.10.0/gin.go:589 +0x1dd\nnet/http.serverHandler.ServeHTTP({0xc30f00?}, {0xc31de0, 0xc0001b4380}, 0xc00015a300)\n\tD:/GO/go/src/net/http/server.go:2936 +0x316\nnet/http.(*conn).serve(0xc0004bc090, {0xc32438, 0xc0001b3080})\n\tD:/GO/go/src/net/http/server.go:1995 +0x612\ncreated by net/http.(*Server).Serve\n\tD:/GO/go/src/net/http/server.go:3089 +0x5ed\n"}
{"level":"INFO","time":"2024-06-16T20:29:57.143+0800","caller":"logger/logger.go:71","msg":"/signup","status":500,"method":"POST","path":"/signup","query":"","ip":"127.0.0.1","user-agent":"PostmanRuntime/7.29.0","errors":"","cost":0.0005553}
{"level":"ERROR","time":"2024-06-16T20:32:03.654+0800","caller":"controllers/user.go:16","msg":"SignUp with invalid param","error":"invalid character '}' looking for beginning of object key string"}
{"level":"INFO","time":"2024-06-16T20:32:03.655+0800","caller":"logger/logger.go:71","msg":"/signup","status":200,"method":"POST","path":"/signup","query":"","ip":"127.0.0.1","user-agent":"PostmanRuntime/7.29.0","errors":"","cost":0.0004917}
{"level":"ERROR","time":"2024-06-16T20:32:07.364+0800","caller":"logger/logger.go:113","msg":"[Recovery from panic]","error":"runtime error: invalid memory address or nil pointer dereference","request":"POST /signup HTTP/1.1\r\nHost: 127.0.0.1:8080\r\nAccept: */*\r\nAccept-Encoding: gzip, deflate, br\r\nCache-Control: no-cache\r\nConnection: keep-alive\r\nContent-Length: 75\r\nContent-Type: text/plain\r\nPostman-Token: 0ba411c6-2990-48fb-b52b-8d6a6a014353\r\nUser-Agent: PostmanRuntime/7.29.0\r\n\r\n","stack":"goroutine 51 [running]:\nruntime/debug.Stack()\n\tD:/GO/go/src/runtime/debug/stack.go:24 +0x65\nbluebell/logger.GinRecovery.func1.1()\n\tC:/Users/愤怒的纸鸭/Desktop/bluebell/logger/logger.go:116 +0x2da\npanic({0xaba080, 0xf445a0})\n\tD:/GO/go/src/runtime/panic.go:884 +0x213\ngithub.com/bwmarrin/snowflake.(*Node).Generate(0x0)\n\tD:/Goproject/pkg/mod/github.com/bwmarrin/snowflake@v0.3.0/snowflake.go:137 +0x27\nbluebell/pkg/snowflake.GenID(...)\n\tC:/Users/愤怒的纸鸭/Desktop/bluebell/pkg/snowflake/snowflake.go:22\nbluebell/logic.SignUp(...)\n\tC:/Users/愤怒的纸鸭/Desktop/bluebell/logic/user.go:13\nbluebell/controllers.SignUpHandler(0xc000098100)\n\tC:/Users/愤怒的纸鸭/Desktop/bluebell/controllers/user.go:21 +0x2a5\ngithub.com/gin-gonic/gin.(*Context).Next(...)\n\tD:/Goproject/pkg/mod/github.com/gin-gonic/gin@v1.10.0/context.go:185\nbluebell/logger.GinRecovery.func1(0xc000098100)\n\tC:/Users/愤怒的纸鸭/Desktop/bluebell/logger/logger.go:127 +0x76\ngithub.com/gin-gonic/gin.(*Context).Next(...)\n\tD:/Goproject/pkg/mod/github.com/gin-gonic/gin@v1.10.0/context.go:185\nbluebell/logger.GinLogger.func1(0xc000098100)\n\tC:/Users/愤怒的纸鸭/Desktop/bluebell/logger/logger.go:68 +0x9d\ngithub.com/gin-gonic/gin.(*Context).Next(...)\n\tD:/Goproject/pkg/mod/github.com/gin-gonic/gin@v1.10.0/context.go:185\ngithub.com/gin-gonic/gin.(*Engine).handleHTTPRequest(0xc000084ea0, 0xc000098100)\n\tD:/Goproject/pkg/mod/github.com/gin-gonic/gin@v1.10.0/gin.go:633 +0x895\ngithub.com/gin-gonic/gin.(*Engine).ServeHTTP(0xc000084ea0, {0xc31de0?, 0xc0001b4460}, 0xc00015a400)\n\tD:/Goproject/pkg/mod/github.com/gin-gonic/gin@v1.10.0/gin.go:589 +0x1dd\nnet/http.serverHandler.ServeHTTP({0xc30f00?}, {0xc31de0, 0xc0001b4460}, 0xc00015a400)\n\tD:/GO/go/src/net/http/server.go:2936 +0x316\nnet/http.(*conn).serve(0xc0004bc090, {0xc32438, 0xc0001b3080})\n\tD:/GO/go/src/net/http/server.go:1995 +0x612\ncreated by net/http.(*Server).Serve\n\tD:/GO/go/src/net/http/server.go:3089 +0x5ed\n"}
{"level":"INFO","time":"2024-06-16T20:32:07.364+0800","caller":"logger/logger.go:71","msg":"/signup","status":500,"method":"POST","path":"/signup","query":"","ip":"127.0.0.1","user-agent":"PostmanRuntime/7.29.0","errors":"","cost":0.0008916}
{"level":"ERROR","time":"2024-06-16T20:32:16.764+0800","caller":"logger/logger.go:113","msg":"[Recovery from panic]","error":"runtime error: invalid memory address or nil pointer dereference","request":"POST /signup HTTP/1.1\r\nHost: 127.0.0.1:8080\r\nAccept: */*\r\nAccept-Encoding: gzip, deflate, br\r\nCache-Control: no-cache\r\nConnection: keep-alive\r\nContent-Length: 75\r\nContent-Type: application/json\r\nPostman-Token: 9ecef085-fb3d-4ac6-ab30-a2427fd9c2bb\r\nUser-Agent: PostmanRuntime/7.29.0\r\n\r\n","stack":"goroutine 51 [running]:\nruntime/debug.Stack()\n\tD:/GO/go/src/runtime/debug/stack.go:24 +0x65\nbluebell/logger.GinRecovery.func1.1()\n\tC:/Users/愤怒的纸鸭/Desktop/bluebell/logger/logger.go:116 +0x2da\npanic({0xaba080, 0xf445a0})\n\tD:/GO/go/src/runtime/panic.go:884 +0x213\ngithub.com/bwmarrin/snowflake.(*Node).Generate(0x0)\n\tD:/Goproject/pkg/mod/github.com/bwmarrin/snowflake@v0.3.0/snowflake.go:137 +0x27\nbluebell/pkg/snowflake.GenID(...)\n\tC:/Users/愤怒的纸鸭/Desktop/bluebell/pkg/snowflake/snowflake.go:22\nbluebell/logic.SignUp(...)\n\tC:/Users/愤怒的纸鸭/Desktop/bluebell/logic/user.go:13\nbluebell/controllers.SignUpHandler(0xc000098100)\n\tC:/Users/愤怒的纸鸭/Desktop/bluebell/controllers/user.go:21 +0x2a5\ngithub.com/gin-gonic/gin.(*Context).Next(...)\n\tD:/Goproject/pkg/mod/github.com/gin-gonic/gin@v1.10.0/context.go:185\nbluebell/logger.GinRecovery.func1(0xc000098100)\n\tC:/Users/愤怒的纸鸭/Desktop/bluebell/logger/logger.go:127 +0x76\ngithub.com/gin-gonic/gin.(*Context).Next(...)\n\tD:/Goproject/pkg/mod/github.com/gin-gonic/gin@v1.10.0/context.go:185\nbluebell/logger.GinLogger.func1(0xc000098100)\n\tC:/Users/愤怒的纸鸭/Desktop/bluebell/logger/logger.go:68 +0x9d\ngithub.com/gin-gonic/gin.(*Context).Next(...)\n\tD:/Goproject/pkg/mod/github.com/gin-gonic/gin@v1.10.0/context.go:185\ngithub.com/gin-gonic/gin.(*Engine).handleHTTPRequest(0xc000084ea0, 0xc000098100)\n\tD:/Goproject/pkg/mod/github.com/gin-gonic/gin@v1.10.0/gin.go:633 +0x895\ngithub.com/gin-gonic/gin.(*Engine).ServeHTTP(0xc000084ea0, {0xc31de0?, 0xc0001b4700}, 0xc00015a500)\n\tD:/Goproject/pkg/mod/github.com/gin-gonic/gin@v1.10.0/gin.go:589 +0x1dd\nnet/http.serverHandler.ServeHTTP({0xc30f00?}, {0xc31de0, 0xc0001b4700}, 0xc00015a500)\n\tD:/GO/go/src/net/http/server.go:2936 +0x316\nnet/http.(*conn).serve(0xc0004bc090, {0xc32438, 0xc0001b3080})\n\tD:/GO/go/src/net/http/server.go:1995 +0x612\ncreated by net/http.(*Server).Serve\n\tD:/GO/go/src/net/http/server.go:3089 +0x5ed\n"}
{"level":"INFO","time":"2024-06-16T20:32:16.764+0800","caller":"logger/logger.go:71","msg":"/signup","status":500,"method":"POST","path":"/signup","query":"","ip":"127.0.0.1","user-agent":"PostmanRuntime/7.29.0","errors":"","cost":0.0008559}
{"level":"INFO","time":"2024-06-16T20:32:48.989+0800","caller":"bluebell/main.go:77","msg":"Shutdown Server ..."}
{"level":"INFO","time":"2024-06-16T20:32:48.989+0800","caller":"bluebell/main.go:86","msg":"Server exiting"}
{"level":"DEBUG","time":"2024-06-16T20:35:58.454+0800","caller":"bluebell/main.go:38","msg":"logger init success..."}
{"level":"INFO","time":"2024-06-16T20:38:24.187+0800","caller":"bluebell/main.go:77","msg":"Shutdown Server ..."}
{"level":"INFO","time":"2024-06-16T20:38:24.187+0800","caller":"bluebell/main.go:86","msg":"Server exiting"}
{"level":"DEBUG","time":"2024-06-16T20:38:37.335+0800","caller":"bluebell/main.go:38","msg":"logger init success..."}
{"level":"INFO","time":"2024-06-16T20:43:37.071+0800","caller":"bluebell/main.go:77","msg":"Shutdown Server ..."}
{"level":"INFO","time":"2024-06-16T20:43:37.072+0800","caller":"bluebell/main.go:86","msg":"Server exiting"}
{"level":"DEBUG","time":"2024-06-16T20:44:54.740+0800","caller":"bluebell/main.go:38","msg":"logger init success..."}
{"level":"INFO","time":"2024-06-16T20:45:21.196+0800","caller":"bluebell/main.go:77","msg":"Shutdown Server ..."}
{"level":"INFO","time":"2024-06-16T20:45:21.196+0800","caller":"bluebell/main.go:86","msg":"Server exiting"}
{"level":"DEBUG","time":"2024-06-16T20:46:06.980+0800","caller":"bluebell/main.go:38","msg":"logger init success..."}
{"level":"INFO","time":"2024-06-16T20:47:05.035+0800","caller":"bluebell/main.go:77","msg":"Shutdown Server ..."}
{"level":"INFO","time":"2024-06-16T20:47:05.035+0800","caller":"bluebell/main.go:86","msg":"Server exiting"}
{"level":"DEBUG","time":"2024-06-16T20:52:04.107+0800","caller":"bluebell/main.go:38","msg":"logger init success..."}
{"level":"INFO","time":"2024-06-16T20:52:24.539+0800","caller":"bluebell/main.go:77","msg":"Shutdown Server ..."}
{"level":"INFO","time":"2024-06-16T20:52:24.539+0800","caller":"bluebell/main.go:86","msg":"Server exiting"}
{"level":"DEBUG","time":"2024-06-16T20:55:36.061+0800","caller":"bluebell/main.go:38","msg":"logger init success..."}
{"level":"ERROR","time":"2024-06-16T20:55:51.917+0800","caller":"logger/logger.go:113","msg":"[Recovery from panic]","error":"runtime error: invalid memory address or nil pointer dereference","request":"POST /signup HTTP/1.1\r\nHost: 127.0.0.1:8080\r\nAccept: */*\r\nAccept-Encoding: gzip, deflate, br\r\nCache-Control: no-cache\r\nConnection: keep-alive\r\nContent-Length: 75\r\nContent-Type: application/json\r\nPostman-Token: a50fec40-c870-499a-9dbe-720ed948b664\r\nUser-Agent: PostmanRuntime/7.29.0\r\n\r\n","stack":"goroutine 13 [running]:\nruntime/debug.Stack()\n\tD:/GO/go/src/runtime/debug/stack.go:24 +0x65\nbluebell/logger.GinRecovery.func1.1()\n\tC:/Users/愤怒的纸鸭/Desktop/bluebell/logger/logger.go:116 +0x2da\npanic({0x136a080, 0x17f45a0})\n\tD:/GO/go/src/runtime/panic.go:884 +0x213\ngithub.com/bwmarrin/snowflake.(*Node).Generate(0x0)\n\tD:/Goproject/pkg/mod/github.com/bwmarrin/snowflake@v0.3.0/snowflake.go:137 +0x27\nbluebell/pkg/snowflake.GenID(...)\n\tC:/Users/愤怒的纸鸭/Desktop/bluebell/pkg/snowflake/snowflake.go:22\nbluebell/logic.SignUp(...)\n\tC:/Users/愤怒的纸鸭/Desktop/bluebell/logic/user.go:13\nbluebell/controllers.SignUpHandler(0xc00015a300)\n\tC:/Users/愤怒的纸鸭/Desktop/bluebell/controllers/user.go:21 +0x2a5\ngithub.com/gin-gonic/gin.(*Context).Next(...)\n\tD:/Goproject/pkg/mod/github.com/gin-gonic/gin@v1.10.0/context.go:185\nbluebell/logger.GinRecovery.func1(0xc00015a300)\n\tC:/Users/愤怒的纸鸭/Desktop/bluebell/logger/logger.go:127 +0x76\ngithub.com/gin-gonic/gin.(*Context).Next(...)\n\tD:/Goproject/pkg/mod/github.com/gin-gonic/gin@v1.10.0/context.go:185\nbluebell/logger.GinLogger.func1(0xc00015a300)\n\tC:/Users/愤怒的纸鸭/Desktop/bluebell/logger/logger.go:68 +0x9d\ngithub.com/gin-gonic/gin.(*Context).Next(...)\n\tD:/Goproject/pkg/mod/github.com/gin-gonic/gin@v1.10.0/context.go:185\ngithub.com/gin-gonic/gin.(*Engine).handleHTTPRequest(0xc000584820, 0xc00015a300)\n\tD:/Goproject/pkg/mod/github.com/gin-gonic/gin@v1.10.0/gin.go:633 +0x895\ngithub.com/gin-gonic/gin.(*Engine).ServeHTTP(0xc000584820, {0x14e1de0?, 0xc0000f4000}, 0xc00015a200)\n\tD:/Goproject/pkg/mod/github.com/gin-gonic/gin@v1.10.0/gin.go:589 +0x1dd\nnet/http.serverHandler.ServeHTTP({0x14e0f00?}, {0x14e1de0, 0xc0000f4000}, 0xc00015a200)\n\tD:/GO/go/src/net/http/server.go:2936 +0x316\nnet/http.(*conn).serve(0xc0004a6000, {0x14e2438, 0xc000474510})\n\tD:/GO/go/src/net/http/server.go:1995 +0x612\ncreated by net/http.(*Server).Serve\n\tD:/GO/go/src/net/http/server.go:3089 +0x5ed\n"}
{"level":"INFO","time":"2024-06-16T20:55:51.917+0800","caller":"logger/logger.go:71","msg":"/signup","status":500,"method":"POST","path":"/signup","query":"","ip":"127.0.0.1","user-agent":"PostmanRuntime/7.29.0","errors":"","cost":0.0005127}
{"level":"ERROR","time":"2024-06-16T20:58:56.882+0800","caller":"logger/logger.go:113","msg":"[Recovery from panic]","error":"runtime error: invalid memory address or nil pointer dereference","request":"POST /signup HTTP/1.1\r\nHost: localhost:8080\r\nAccept: */*\r\nAccept-Encoding: gzip, deflate, br\r\nCache-Control: no-cache\r\nConnection: keep-alive\r\nContent-Length: 75\r\nContent-Type: text/plain\r\nPostman-Token: c881a339-4c53-4671-8957-27d88d479952\r\nUser-Agent: PostmanRuntime/7.29.0\r\n\r\n","stack":"goroutine 30 [running]:\nruntime/debug.Stack()\n\tD:/GO/go/src/runtime/debug/stack.go:24 +0x65\nbluebell/logger.GinRecovery.func1.1()\n\tC:/Users/愤怒的纸鸭/Desktop/bluebell/logger/logger.go:116 +0x2da\npanic({0x136a080, 0x17f45a0})\n\tD:/GO/go/src/runtime/panic.go:884 +0x213\ngithub.com/bwmarrin/snowflake.(*Node).Generate(0x0)\n\tD:/Goproject/pkg/mod/github.com/bwmarrin/snowflake@v0.3.0/snowflake.go:137 +0x27\nbluebell/pkg/snowflake.GenID(...)\n\tC:/Users/愤怒的纸鸭/Desktop/bluebell/pkg/snowflake/snowflake.go:22\nbluebell/logic.SignUp(...)\n\tC:/Users/愤怒的纸鸭/Desktop/bluebell/logic/user.go:13\nbluebell/controllers.SignUpHandler(0xc00068e100)\n\tC:/Users/愤怒的纸鸭/Desktop/bluebell/controllers/user.go:21 +0x2a5\ngithub.com/gin-gonic/gin.(*Context).Next(...)\n\tD:/Goproject/pkg/mod/github.com/gin-gonic/gin@v1.10.0/context.go:185\nbluebell/logger.GinRecovery.func1(0xc00068e100)\n\tC:/Users/愤怒的纸鸭/Desktop/bluebell/logger/logger.go:127 +0x76\ngithub.com/gin-gonic/gin.(*Context).Next(...)\n\tD:/Goproject/pkg/mod/github.com/gin-gonic/gin@v1.10.0/context.go:185\nbluebell/logger.GinLogger.func1(0xc00068e100)\n\tC:/Users/愤怒的纸鸭/Desktop/bluebell/logger/logger.go:68 +0x9d\ngithub.com/gin-gonic/gin.(*Context).Next(...)\n\tD:/Goproject/pkg/mod/github.com/gin-gonic/gin@v1.10.0/context.go:185\ngithub.com/gin-gonic/gin.(*Engine).handleHTTPRequest(0xc000584820, 0xc00068e100)\n\tD:/Goproject/pkg/mod/github.com/gin-gonic/gin@v1.10.0/gin.go:633 +0x895\ngithub.com/gin-gonic/gin.(*Engine).ServeHTTP(0xc000584820, {0x14e1de0?, 0xc0000f40e0}, 0xc00068e000)\n\tD:/Goproject/pkg/mod/github.com/gin-gonic/gin@v1.10.0/gin.go:589 +0x1dd\nnet/http.serverHandler.ServeHTTP({0x14e0f00?}, {0x14e1de0, 0xc0000f40e0}, 0xc00068e000)\n\tD:/GO/go/src/net/http/server.go:2936 +0x316\nnet/http.(*conn).serve(0xc0004a6090, {0x14e2438, 0xc000474510})\n\tD:/GO/go/src/net/http/server.go:1995 +0x612\ncreated by net/http.(*Server).Serve\n\tD:/GO/go/src/net/http/server.go:3089 +0x5ed\n"}
{"level":"INFO","time":"2024-06-16T20:58:56.882+0800","caller":"logger/logger.go:71","msg":"/signup","status":500,"method":"POST","path":"/signup","query":"","ip":"::1","user-agent":"PostmanRuntime/7.29.0","errors":"","cost":0.0001441}
{"level":"INFO","time":"2024-06-16T21:01:59.711+0800","caller":"bluebell/main.go:77","msg":"Shutdown Server ..."}
{"level":"INFO","time":"2024-06-16T21:01:59.711+0800","caller":"bluebell/main.go:86","msg":"Server exiting"}
{"level":"DEBUG","time":"2024-06-16T21:06:15.521+0800","caller":"bluebell/main.go:38","msg":"logger init success..."}
{"level":"INFO","time":"2024-06-16T21:06:26.301+0800","caller":"bluebell/main.go:77","msg":"Shutdown Server ..."}
{"level":"INFO","time":"2024-06-16T21:06:26.301+0800","caller":"bluebell/main.go:86","msg":"Server exiting"}
{"level":"DEBUG","time":"2024-06-16T21:08:57.815+0800","caller":"bluebell/main.go:31","msg":"logger init success..."}
{"level":"DEBUG","time":"2024-06-16T21:12:34.338+0800","caller":"bluebell/main.go:31","msg":"logger init success..."}
{"level":"DEBUG","time":"2024-06-16T21:14:03.899+0800","caller":"bluebell/main.go:31","msg":"logger init success..."}
{"level":"DEBUG","time":"2024-06-16T21:14:33.201+0800","caller":"bluebell/main.go:31","msg":"logger init success..."}
{"level":"DEBUG","time":"2024-06-16T21:15:02.417+0800","caller":"bluebell/main.go:31","msg":"logger init success..."}
{"level":"INFO","time":"2024-06-16T21:15:13.496+0800","caller":"logger/logger.go:71","msg":"/signup","status":200,"method":"POST","path":"/signup","query":"","ip":"::1","user-agent":"PostmanRuntime/7.29.0","errors":"","cost":0.0001674}
{"level":"INFO","time":"2024-06-16T21:15:17.169+0800","caller":"logger/logger.go:71","msg":"/signup","status":200,"method":"POST","path":"/signup","query":"","ip":"::1","user-agent":"PostmanRuntime/7.29.0","errors":"","cost":0}
{"level":"INFO","time":"2024-06-16T21:18:26.578+0800","caller":"logger/logger.go:44","msg":"init logger success"}
{"level":"DEBUG","time":"2024-06-16T21:18:26.601+0800","caller":"bluebell/main.go:31","msg":"logger init success..."}
{"level":"INFO","time":"2024-06-16T21:18:32.342+0800","caller":"logger/logger.go:77","msg":"/signup","status":200,"method":"POST","path":"/signup","query":"","ip":"::1","user-agent":"PostmanRuntime/7.29.0","errors":"","cost":0}
{"level":"INFO","time":"2024-06-16T21:20:42.849+0800","caller":"logger/logger.go:44","msg":"init logger success"}
{"level":"DEBUG","time":"2024-06-16T21:20:42.871+0800","caller":"bluebell/main.go:31","msg":"logger init success..."}
{"level":"INFO","time":"2024-06-16T21:20:53.678+0800","caller":"logger/logger.go:77","msg":"/signup","status":200,"method":"POST","path":"/signup","query":"","ip":"::1","user-agent":"PostmanRuntime/7.29.0","errors":"","cost":0}
{"level":"INFO","time":"2024-06-16T21:22:06.383+0800","caller":"logger/logger.go:44","msg":"init logger success"}
{"level":"DEBUG","time":"2024-06-16T21:22:06.406+0800","caller":"bluebell/main.go:31","msg":"logger init success..."}
{"level":"INFO","time":"2024-06-16T21:22:18.141+0800","caller":"logger/logger.go:77","msg":"/signup","status":200,"method":"POST","path":"/signup","query":"","ip":"::1","user-agent":"PostmanRuntime/7.29.0","errors":"","cost":0.0005128}
{"level":"INFO","time":"2024-06-16T21:27:12.718+0800","caller":"logger/logger.go:44","msg":"init logger success"}
{"level":"DEBUG","time":"2024-06-16T21:27:12.742+0800","caller":"bluebell/main.go:38","msg":"logger init success..."}
{"level":"INFO","time":"2024-06-16T21:27:55.681+0800","caller":"bluebell/main.go:84","msg":"Shutdown Server ..."}
{"level":"INFO","time":"2024-06-16T21:27:55.681+0800","caller":"bluebell/main.go:93","msg":"Server exiting"}
{"level":"INFO","time":"2024-06-16T21:28:01.773+0800","caller":"logger/logger.go:44","msg":"init logger success"}
{"level":"DEBUG","time":"2024-06-16T21:28:01.796+0800","caller":"bluebell/main.go:38","msg":"logger init success..."}
{"level":"INFO","time":"2024-06-16T21:28:10.109+0800","caller":"logger/logger.go:77","msg":"/signup","status":200,"method":"POST","path":"/signup","query":"","ip":"::1","user-agent":"PostmanRuntime/7.29.0","errors":"","cost":0.0003865}
{"level":"INFO","time":"2024-06-16T21:34:28.183+0800","caller":"bluebell/main.go:84","msg":"Shutdown Server ..."}
{"level":"INFO","time":"2024-06-16T21:34:28.183+0800","caller":"bluebell/main.go:93","msg":"Server exiting"}
{"level":"INFO","time":"2024-06-16T23:15:18.473+0800","caller":"logger/logger.go:44","msg":"init logger success"}
{"level":"DEBUG","time":"2024-06-16T23:15:18.496+0800","caller":"bluebell/main.go:32","msg":"logger init success..."}
{"level":"ERROR","time":"2024-06-16T23:15:28.720+0800","caller":"controller/user.go:23","msg":"SignUp with invalid param","error":"invalid character '}' looking for beginning of object key string"}
{"level":"INFO","time":"2024-06-16T23:15:28.720+0800","caller":"logger/logger.go:77","msg":"/signup","status":200,"method":"POST","path":"/signup","query":"","ip":"::1","user-agent":"PostmanRuntime/7.29.0","errors":"","cost":0.0005121}
{"level":"INFO","time":"2024-06-16T23:18:20.292+0800","caller":"logger/logger.go:44","msg":"init logger success"}
{"level":"DEBUG","time":"2024-06-16T23:18:20.315+0800","caller":"bluebell/main.go:32","msg":"logger init success..."}
{"level":"ERROR","time":"2024-06-16T23:18:30.768+0800","caller":"controller/user.go:23","msg":"SignUp with invalid param","error":"invalid character '}' looking for beginning of object key string"}
{"level":"INFO","time":"2024-06-16T23:18:30.768+0800","caller":"logger/logger.go:77","msg":"/signup","status":200,"method":"POST","path":"/signup","query":"","ip":"::1","user-agent":"PostmanRuntime/7.29.0","errors":"","cost":0}
{"level":"ERROR","time":"2024-06-16T23:24:41.234+0800","caller":"controller/user.go:23","msg":"SignUp with invalid param","error":"Key: 'ParamSignUp.RePassword' Error:Field validation for 'RePassword' failed on the 'required' tag"}
{"level":"INFO","time":"2024-06-16T23:24:41.234+0800","caller":"logger/logger.go:77","msg":"/signup","status":200,"method":"POST","path":"/signup","query":"","ip":"::1","user-agent":"PostmanRuntime/7.29.0","errors":"","cost":0.0005865}
{"level":"INFO","time":"2024-06-16T23:26:02.302+0800","caller":"logger/logger.go:44","msg":"init logger success"}
{"level":"DEBUG","time":"2024-06-16T23:26:02.326+0800","caller":"bluebell/main.go:32","msg":"logger init success..."}
{"level":"ERROR","time":"2024-06-16T23:26:07.301+0800","caller":"controller/user.go:23","msg":"SignUp with invalid param","error":"Key: 'ParamSignUp.RePassword' Error:Field validation for 'RePassword' failed on the 'required' tag"}
{"level":"INFO","time":"2024-06-16T23:26:07.301+0800","caller":"logger/logger.go:77","msg":"/signup","status":200,"method":"POST","path":"/signup","query":"","ip":"::1","user-agent":"PostmanRuntime/7.29.0","errors":"","cost":0.000513}
{"level":"INFO","time":"2024-06-16T23:36:10.344+0800","caller":"logger/logger.go:44","msg":"init logger success"}
{"level":"DEBUG","time":"2024-06-16T23:36:10.367+0800","caller":"bluebell/main.go:32","msg":"logger init success..."}
{"level":"ERROR","time":"2024-06-16T23:36:32.237+0800","caller":"controller/user.go:23","msg":"SignUp with invalid param","error":"Key: 'ParamSignUp.re_password' Error:Field validation for 're_password' failed on the 'required' tag"}
{"level":"INFO","time":"2024-06-16T23:36:32.237+0800","caller":"logger/logger.go:77","msg":"/signup","status":200,"method":"POST","path":"/signup","query":"","ip":"::1","user-agent":"PostmanRuntime/7.29.0","errors":"","cost":0.0005132}
{"level":"INFO","time":"2024-06-17T00:08:01.086+0800","caller":"logger/logger.go:44","msg":"init logger success"}
{"level":"DEBUG","time":"2024-06-17T00:08:01.110+0800","caller":"bluebell/main.go:32","msg":"logger init success..."}
{"level":"ERROR","time":"2024-06-17T00:08:09.381+0800","caller":"controller/user.go:23","msg":"SignUp with invalid param","error":"Key: 'ParamSignUp.re_password' Error:Field validation for 're_password' failed on the 'required' tag\nKey: 'ParamSignUp.re_password' Error:Field validation for 're_password' failed on the 'eqfield' tag"}
{"level":"INFO","time":"2024-06-17T00:08:09.381+0800","caller":"logger/logger.go:77","msg":"/signup","status":200,"method":"POST","path":"/signup","query":"","ip":"::1","user-agent":"PostmanRuntime/7.29.0","errors":"","cost":0.0005487}
{"level":"ERROR","time":"2024-06-17T00:08:25.852+0800","caller":"controller/user.go:23","msg":"SignUp with invalid param","error":"invalid character '\"' after object key:value pair"}
{"level":"INFO","time":"2024-06-17T00:08:25.853+0800","caller":"logger/logger.go:77","msg":"/signup","status":200,"method":"POST","path":"/signup","query":"","ip":"::1","user-agent":"PostmanRuntime/7.29.0","errors":"","cost":0.0005105}
{"level":"ERROR","time":"2024-06-17T00:08:30.671+0800","caller":"controller/user.go:23","msg":"SignUp with invalid param","error":"invalid character '\"' after object key:value pair"}
{"level":"INFO","time":"2024-06-17T00:08:30.671+0800","caller":"logger/logger.go:77","msg":"/signup","status":200,"method":"POST","path":"/signup","query":"","ip":"::1","user-agent":"PostmanRuntime/7.29.0","errors":"","cost":0}
{"level":"INFO","time":"2024-06-17T00:08:36.814+0800","caller":"logger/logger.go:77","msg":"/signup","status":200,"method":"POST","path":"/signup","query":"","ip":"::1","user-agent":"PostmanRuntime/7.29.0","errors":"","cost":0.000128}
{"level":"INFO","time":"2024-06-17T19:12:57.063+0800","caller":"logger/logger.go:44","msg":"init logger success"}
{"level":"DEBUG","time":"2024-06-17T19:12:57.088+0800","caller":"bluebell/main.go:32","msg":"logger init success..."}
{"level":"INFO","time":"2024-06-17T19:13:40.081+0800","caller":"logger/logger.go:77","msg":"/signup","status":200,"method":"POST","path":"/signup","query":"","ip":"::1","user-agent":"PostmanRuntime/7.29.0","errors":"","cost":0.0349969}
{"level":"INFO","time":"2024-06-17T19:13:42.523+0800","caller":"logger/logger.go:77","msg":"/signup","status":200,"method":"POST","path":"/signup","query":"","ip":"::1","user-agent":"PostmanRuntime/7.29.0","errors":"","cost":0.001663}
{"level":"INFO","time":"2024-06-17T19:13:43.467+0800","caller":"logger/logger.go:77","msg":"/signup","status":200,"method":"POST","path":"/signup","query":"","ip":"::1","user-agent":"PostmanRuntime/7.29.0","errors":"","cost":0.001362}
{"level":"INFO","time":"2024-06-17T19:13:44.101+0800","caller":"logger/logger.go:77","msg":"/signup","status":200,"method":"POST","path":"/signup","query":"","ip":"::1","user-agent":"PostmanRuntime/7.29.0","errors":"","cost":0.0006045}
{"level":"INFO","time":"2024-06-18T01:14:34.881+0800","caller":"logger/logger.go:44","msg":"init logger success"}
{"level":"DEBUG","time":"2024-06-18T01:14:34.903+0800","caller":"bluebell/main.go:32","msg":"logger init success..."}
{"level":"ERROR","time":"2024-06-18T01:20:54.361+0800","caller":"controller/user.go:57","msg":"Login with invalid param","error":"invalid character '}' looking for beginning of object key string"}
{"level":"INFO","time":"2024-06-18T01:20:54.362+0800","caller":"logger/logger.go:77","msg":"/login","status":200,"method":"POST","path":"/login","query":"","ip":"::1","user-agent":"PostmanRuntime/7.29.0","errors":"","cost":0.0005177}
{"level":"ERROR","time":"2024-06-18T01:20:58.276+0800","caller":"controller/user.go:70","msg":"Login with invalid param","error":"missing destination name user_id in *models.User"}
{"level":"INFO","time":"2024-06-18T01:20:58.276+0800","caller":"logger/logger.go:77","msg":"/login","status":200,"method":"POST","path":"/login","query":"","ip":"::1","user-agent":"PostmanRuntime/7.29.0","errors":"","cost":0.0064246}
{"level":"ERROR","time":"2024-06-18T01:21:02.192+0800","caller":"controller/user.go:70","msg":"Login with invalid param","error":"missing destination name user_id in *models.User"}
{"level":"INFO","time":"2024-06-18T01:21:02.192+0800","caller":"logger/logger.go:77","msg":"/login","status":200,"method":"POST","path":"/login","query":"","ip":"::1","user-agent":"PostmanRuntime/7.29.0","errors":"","cost":0.0010012}
{"level":"ERROR","time":"2024-06-18T01:30:28.417+0800","caller":"controller/user.go:70","msg":"Login with invalid param","error":"missing destination name user_id in *models.User"}
{"level":"INFO","time":"2024-06-18T01:30:28.417+0800","caller":"logger/logger.go:77","msg":"/login","status":200,"method":"POST","path":"/login","query":"","ip":"::1","user-agent":"PostmanRuntime/7.29.0","errors":"","cost":0.0010072}
{"level":"ERROR","time":"2024-06-18T01:30:34.856+0800","caller":"controller/user.go:70","msg":"Login with invalid param","error":"missing destination name user_id in *models.User"}
{"level":"INFO","time":"2024-06-18T01:30:34.856+0800","caller":"logger/logger.go:77","msg":"/login","status":200,"method":"POST","path":"/login","query":"","ip":"::1","user-agent":"PostmanRuntime/7.29.0","errors":"","cost":0.0005677}
{"level":"INFO","time":"2024-06-18T01:31:09.926+0800","caller":"logger/logger.go:44","msg":"init logger success"}
{"level":"DEBUG","time":"2024-06-18T01:31:09.948+0800","caller":"bluebell/main.go:32","msg":"logger init success..."}
{"level":"ERROR","time":"2024-06-18T01:31:28.596+0800","caller":"controller/user.go:70","msg":"Login with invalid param","error":"missing destination name user_id in *models.User"}
{"level":"INFO","time":"2024-06-18T01:31:28.596+0800","caller":"logger/logger.go:77","msg":"/login","status":200,"method":"POST","path":"/login","query":"","ip":"::1","user-agent":"PostmanRuntime/7.29.0","errors":"","cost":0.0012185}
{"level":"ERROR","time":"2024-06-18T01:31:33.094+0800","caller":"controller/user.go:70","msg":"Login with invalid param","error":"missing destination name user_id in *models.User"}
{"level":"INFO","time":"2024-06-18T01:31:33.094+0800","caller":"logger/logger.go:77","msg":"/login","status":200,"method":"POST","path":"/login","query":"","ip":"::1","user-agent":"PostmanRuntime/7.29.0","errors":"","cost":0.0006679}
{"level":"INFO","time":"2024-06-18T01:41:55.621+0800","caller":"logger/logger.go:44","msg":"init logger success"}
{"level":"DEBUG","time":"2024-06-18T01:41:55.642+0800","caller":"bluebell/main.go:32","msg":"logger init success..."}
{"level":"ERROR","time":"2024-06-18T01:42:00.266+0800","caller":"controller/user.go:70","msg":"Login with invalid param","error":"missing destination name user_id in *models.User"}
{"level":"INFO","time":"2024-06-18T01:42:00.266+0800","caller":"logger/logger.go:77","msg":"/login","status":200,"method":"POST","path":"/login","query":"","ip":"::1","user-agent":"PostmanRuntime/7.29.0","errors":"","cost":0.0011919}
{"level":"INFO","time":"2024-06-18T01:46:40.195+0800","caller":"logger/logger.go:44","msg":"init logger success"}
{"level":"DEBUG","time":"2024-06-18T01:46:40.219+0800","caller":"bluebell/main.go:32","msg":"logger init success..."}
{"level":"ERROR","time":"2024-06-18T01:46:52.767+0800","caller":"controller/user.go:70","msg":"Login with invalid param","error":"missing destination name user_id in *models.User"}
{"level":"INFO","time":"2024-06-18T01:46:52.767+0800","caller":"logger/logger.go:77","msg":"/login","status":200,"method":"POST","path":"/login","query":"","ip":"::1","user-agent":"PostmanRuntime/7.29.0","errors":"","cost":0.0007904}
{"level":"INFO","time":"2024-06-18T02:01:15.847+0800","caller":"logger/logger.go:44","msg":"init logger success"}
{"level":"DEBUG","time":"2024-06-18T02:01:15.870+0800","caller":"bluebell/main.go:32","msg":"logger init success..."}
{"level":"ERROR","time":"2024-06-18T02:01:19.600+0800","caller":"controller/user.go:70","msg":"Login with invalid param","username":"xia","error":"missing destination name user_id in *models.User"}
{"level":"INFO","time":"2024-06-18T02:01:19.600+0800","caller":"logger/logger.go:77","msg":"/login","status":200,"method":"POST","path":"/login","query":"","ip":"::1","user-agent":"PostmanRuntime/7.29.0","errors":"","cost":0.0006201}
{"level":"ERROR","time":"2024-06-18T02:01:26.614+0800","caller":"controller/user.go:57","msg":"Login with invalid param","error":"invalid character '}' looking for beginning of object key string"}
{"level":"INFO","time":"2024-06-18T02:01:26.615+0800","caller":"logger/logger.go:77","msg":"/login","status":200,"method":"POST","path":"/login","query":"","ip":"::1","user-agent":"PostmanRuntime/7.29.0","errors":"","cost":0.0009888}
{"level":"ERROR","time":"2024-06-18T02:01:30.390+0800","caller":"controller/user.go:70","msg":"Login with invalid param","username":"xia","error":"missing destination name user_id in *models.User"}
{"level":"INFO","time":"2024-06-18T02:01:30.390+0800","caller":"logger/logger.go:77","msg":"/login","status":200,"method":"POST","path":"/login","query":"","ip":"::1","user-agent":"PostmanRuntime/7.29.0","errors":"","cost":0.0013093}
{"level":"INFO","time":"2024-06-18T02:14:04.708+0800","caller":"logger/logger.go:44","msg":"init logger success"}
{"level":"DEBUG","time":"2024-06-18T02:14:04.731+0800","caller":"bluebell/main.go:32","msg":"logger init success..."}
{"level":"ERROR","time":"2024-06-18T02:14:11.263+0800","caller":"controller/user.go:70","msg":"Login with invalid param","username":"xia","error":"missing destination name user_id in *models.User"}
{"level":"INFO","time":"2024-06-18T02:14:11.263+0800","caller":"logger/logger.go:77","msg":"/login","status":200,"method":"POST","path":"/login","query":"","ip":"::1","user-agent":"PostmanRuntime/7.29.0","errors":"","cost":0.0014092}
{"level":"INFO","time":"2024-06-18T02:28:06.221+0800","caller":"logger/logger.go:44","msg":"init logger success"}
{"level":"DEBUG","time":"2024-06-18T02:28:06.246+0800","caller":"bluebell/main.go:32","msg":"logger init success..."}
{"level":"INFO","time":"2024-06-18T02:28:14.888+0800","caller":"logger/logger.go:77","msg":"/login","status":200,"method":"POST","path":"/login","query":"","ip":"::1","user-agent":"PostmanRuntime/7.29.0","errors":"","cost":0.0006627}
{"level":"ERROR","time":"2024-06-18T02:28:29.282+0800","caller":"controller/user.go:70","msg":"Login with invalid param","username":"xia","error":"密码错误"}
{"level":"INFO","time":"2024-06-18T02:28:29.282+0800","caller":"logger/logger.go:77","msg":"/login","status":200,"method":"POST","path":"/login","query":"","ip":"::1","user-agent":"PostmanRuntime/7.29.0","errors":"","cost":0.0008726}
{"level":"ERROR","time":"2024-06-18T02:28:34.148+0800","caller":"controller/user.go:70","msg":"Login with invalid param","username":"xia1","error":"用户不存在"}
{"level":"INFO","time":"2024-06-18T02:28:34.148+0800","caller":"logger/logger.go:77","msg":"/login","status":200,"method":"POST","path":"/login","query":"","ip":"::1","user-agent":"PostmanRuntime/7.29.0","errors":"","cost":0.0010178}
{"level":"ERROR","time":"2024-06-18T02:28:35.534+0800","caller":"controller/user.go:70","msg":"Login with invalid param","username":"xia1","error":"用户不存在"}
{"level":"INFO","time":"2024-06-18T02:28:35.535+0800","caller":"logger/logger.go:77","msg":"/login","status":200,"method":"POST","path":"/login","query":"","ip":"::1","user-agent":"PostmanRuntime/7.29.0","errors":"","cost":0.0006925}
{"level":"INFO","time":"2024-06-18T02:30:39.424+0800","caller":"logger/logger.go:77","msg":"/login","status":200,"method":"POST","path":"/login","query":"","ip":"::1","user-agent":"PostmanRuntime/7.29.0","errors":"","cost":0.0010001}
{"level":"ERROR","time":"2024-06-18T02:35:41.723+0800","caller":"controller/user.go:70","msg":"Login with invalid param","username":"xia","error":"密码错误"}
{"level":"INFO","time":"2024-06-18T02:35:41.723+0800","caller":"logger/logger.go:77","msg":"/login","status":200,"method":"POST","path":"/login","query":"","ip":"::1","user-agent":"PostmanRuntime/7.29.0","errors":"","cost":0.0011521}
{"level":"INFO","time":"2024-06-18T02:35:45.363+0800","caller":"logger/logger.go:77","msg":"/login","status":200,"method":"POST","path":"/login","query":"","ip":"::1","user-agent":"PostmanRuntime/7.29.0","errors":"","cost":0.0006245}
{"level":"INFO","time":"2024-06-19T02:34:46.112+0800","caller":"logger/logger.go:44","msg":"init logger success"}
{"level":"DEBUG","time":"2024-06-19T02:34:46.135+0800","caller":"bluebell/main.go:32","msg":"logger init success..."}
{"level":"INFO","time":"2024-06-19T02:35:22.782+0800","caller":"logger/logger.go:44","msg":"init logger success"}
{"level":"DEBUG","time":"2024-06-19T02:35:22.806+0800","caller":"bluebell/main.go:32","msg":"logger init success..."}
{"level":"INFO","time":"2024-06-19T02:36:04.587+0800","caller":"logger/logger.go:77","msg":"/login","status":200,"method":"POST","path":"/login","query":"","ip":"::1","user-agent":"PostmanRuntime/7.29.0","errors":"","cost":0.0839341}
{"level":"INFO","time":"2024-06-20T22:58:07.971+0800","caller":"logger/logger.go:44","msg":"init logger success"}
{"level":"DEBUG","time":"2024-06-20T22:58:07.994+0800","caller":"bluebell/main.go:32","msg":"logger init success..."}
{"level":"INFO","time":"2024-06-20T22:58:36.931+0800","caller":"logger/logger.go:44","msg":"init logger success"}
{"level":"DEBUG","time":"2024-06-20T22:58:36.954+0800","caller":"bluebell/main.go:32","msg":"logger init success..."}
{"level":"INFO","time":"2024-06-21T05:10:28.703+0800","caller":"logger/logger.go:45","msg":"init logger success"}
{"level":"INFO","time":"2024-06-21T05:10:40.972+0800","caller":"logger/logger.go:45","msg":"init logger success"}
{"level":"INFO","time":"2024-06-21T05:40:16.996+0800","caller":"logger/logger.go:45","msg":"init logger success"}
{"level":"INFO","time":"2024-06-21T05:40:38.877+0800","caller":"logger/logger.go:45","msg":"init logger success"}
{"level":"INFO","time":"2024-06-21T15:05:57.179+0800","caller":"logger/logger.go:45","msg":"init logger success"}
{"level":"INFO","time":"2024-06-22T04:06:48.344+0800","caller":"logger/logger.go:45","msg":"init logger success"}
{"level":"INFO","time":"2024-06-22T04:07:16.909+0800","caller":"logger/logger.go:45","msg":"init logger success"}
{"level":"INFO","time":"2024-06-22T04:08:47.079+0800","caller":"logger/logger.go:78","msg":"/api/v1/community","status":200,"method":"GET","path":"/api/v1/community","query":"","ip":"::1","user-agent":"PostmanRuntime/7.29.0","errors":"","cost":0}
{"level":"INFO","time":"2024-06-22T04:09:29.275+0800","caller":"logger/logger.go:78","msg":"/login","status":200,"method":"POST","path":"/login","query":"","ip":"::1","user-agent":"PostmanRuntime/7.29.0","errors":"","cost":0}
{"level":"ERROR","time":"2024-06-22T04:09:45.597+0800","caller":"controller/user.go:65","msg":"logic.Login failed","username":"xia","error":"密码错误"}
{"level":"INFO","time":"2024-06-22T04:09:45.597+0800","caller":"logger/logger.go:78","msg":"/api/v1/login","status":200,"method":"POST","path":"/api/v1/login","query":"","ip":"::1","user-agent":"PostmanRuntime/7.29.0","errors":"","cost":0.0183714}
{"level":"ERROR","time":"2024-06-22T04:10:28.008+0800","caller":"controller/user.go:65","msg":"logic.Login failed","username":"xia","error":"密码错误"}
{"level":"INFO","time":"2024-06-22T04:10:28.009+0800","caller":"logger/logger.go:78","msg":"/api/v1/login","status":200,"method":"POST","path":"/api/v1/login","query":"","ip":"::1","user-agent":"PostmanRuntime/7.29.0","errors":"","cost":0.0011025}
{"level":"INFO","time":"2024-06-22T04:13:00.159+0800","caller":"logger/logger.go:45","msg":"init logger success"}
{"level":"INFO","time":"2024-06-22T04:13:20.466+0800","caller":"logger/logger.go:45","msg":"init logger success"}
{"level":"ERROR","time":"2024-06-22T04:13:37.982+0800","caller":"controller/user.go:65","msg":"logic.Login failed","username":"xia","error":"密码错误"}
{"level":"INFO","time":"2024-06-22T04:13:37.982+0800","caller":"logger/logger.go:78","msg":"/api/v1/login","status":200,"method":"POST","path":"/api/v1/login","query":"","ip":"::1","user-agent":"PostmanRuntime/7.29.0","errors":"","cost":0.0010288}
{"level":"INFO","time":"2024-06-22T04:13:52.511+0800","caller":"logger/logger.go:45","msg":"init logger success"}
{"level":"ERROR","time":"2024-06-22T04:13:55.257+0800","caller":"controller/user.go:65","msg":"logic.Login failed","username":"xia","error":"密码错误"}
{"level":"INFO","time":"2024-06-22T04:13:55.257+0800","caller":"logger/logger.go:78","msg":"/api/v1/login","status":200,"method":"POST","path":"/api/v1/login","query":"","ip":"::1","user-agent":"PostmanRuntime/7.29.0","errors":"","cost":0.0010197}
{"level":"INFO","time":"2024-06-22T04:14:58.125+0800","caller":"logger/logger.go:45","msg":"init logger success"}
{"level":"ERROR","time":"2024-06-22T04:15:00.634+0800","caller":"controller/user.go:65","msg":"logic.Login failed","username":"xia","error":"密码错误"}
{"level":"INFO","time":"2024-06-22T04:15:00.634+0800","caller":"logger/logger.go:78","msg":"/api/v1/login","status":200,"method":"POST","path":"/api/v1/login","query":"","ip":"::1","user-agent":"PostmanRuntime/7.29.0","errors":"","cost":0.0010249}
{"level":"INFO","time":"2024-06-22T04:15:51.458+0800","caller":"logger/logger.go:78","msg":"/api/v1/signup","status":200,"method":"POST","path":"/api/v1/signup","query":"","ip":"127.0.0.1","user-agent":"PostmanRuntime/7.29.0","errors":"","cost":0.0041665}
{"level":"ERROR","time":"2024-06-22T04:17:01.124+0800","caller":"controller/user.go:35","msg":"logic.SignUp failed","error":"用户已存在"}
{"level":"INFO","time":"2024-06-22T04:17:01.124+0800","caller":"logger/logger.go:78","msg":"/api/v1/signup","status":200,"method":"POST","path":"/api/v1/signup","query":"","ip":"127.0.0.1","user-agent":"PostmanRuntime/7.29.0","errors":"","cost":0.0014243}
{"level":"INFO","time":"2024-06-22T04:18:19.439+0800","caller":"logger/logger.go:45","msg":"init logger success"}
{"level":"INFO","time":"2024-06-22T04:22:04.521+0800","caller":"logger/logger.go:78","msg":"/api/v1/signup","status":200,"method":"POST","path":"/api/v1/signup","query":"","ip":"127.0.0.1","user-agent":"PostmanRuntime/7.29.0","errors":"","cost":0.0023771}
{"level":"INFO","time":"2024-06-22T04:22:27.570+0800","caller":"logger/logger.go:78","msg":"/api/v1/login","status":200,"method":"POST","path":"/api/v1/login","query":"","ip":"::1","user-agent":"PostmanRuntime/7.29.0","errors":"","cost":0.0005172}
{"level":"INFO","time":"2024-06-22T04:23:26.209+0800","caller":"logger/logger.go:78","msg":"/api/v1/login","status":200,"method":"POST","path":"/api/v1/login","query":"","ip":"::1","user-agent":"PostmanRuntime/7.29.0","errors":"","cost":0.0002406}
{"level":"INFO","time":"2024-06-22T04:25:49.501+0800","caller":"logger/logger.go:45","msg":"init logger success"}
{"level":"INFO","time":"2024-06-22T04:25:51.032+0800","caller":"logger/logger.go:78","msg":"/api/v1/login","status":200,"method":"POST","path":"/api/v1/login","query":"","ip":"::1","user-agent":"PostmanRuntime/7.29.0","errors":"","cost":0.0010445}
{"level":"INFO","time":"2024-06-22T04:32:46.467+0800","caller":"logger/logger.go:45","msg":"init logger success"}
{"level":"INFO","time":"2024-06-22T04:33:05.301+0800","caller":"logger/logger.go:78","msg":"/api/v1/login","status":200,"method":"POST","path":"/api/v1/login","query":"","ip":"::1","user-agent":"PostmanRuntime/7.29.0","errors":"","cost":0.0011668}
{"level":"INFO","time":"2024-06-22T04:34:09.582+0800","caller":"logger/logger.go:78","msg":"/api/v1/community","status":200,"method":"GET","path":"/api/v1/community","query":"","ip":"::1","user-agent":"PostmanRuntime/7.29.0","errors":"","cost":0.0008868}
{"level":"INFO","time":"2024-06-22T04:35:42.055+0800","caller":"logger/logger.go:78","msg":"/api/v1/community/1","status":200,"method":"GET","path":"/api/v1/community/1","query":"","ip":"::1","user-agent":"PostmanRuntime/7.29.0","errors":"","cost":0}
{"level":"INFO","time":"2024-06-22T22:49:37.238+0800","caller":"logger/logger.go:45","msg":"init logger success"}
{"level":"INFO","time":"2024-06-22T22:49:45.760+0800","caller":"logger/logger.go:45","msg":"init logger success"}
{"level":"INFO","time":"2024-06-22T23:01:00.675+0800","caller":"logger/logger.go:78","msg":"/api/v1/community/1","status":200,"method":"GET","path":"/api/v1/community/1","query":"","ip":"::1","user-agent":"PostmanRuntime/7.29.0","errors":"","cost":0.0005092}
{"level":"INFO","time":"2024-06-22T23:01:25.305+0800","caller":"logger/logger.go:78","msg":"/api/v1/community/1","status":200,"method":"GET","path":"/api/v1/community/1","query":"","ip":"::1","user-agent":"PostmanRuntime/7.29.0","errors":"","cost":0}
{"level":"INFO","time":"2024-06-22T23:02:14.828+0800","caller":"logger/logger.go:45","msg":"init logger success"}
{"level":"INFO","time":"2024-06-22T23:02:25.344+0800","caller":"logger/logger.go:45","msg":"init logger success"}
{"level":"INFO","time":"2024-06-22T23:03:54.252+0800","caller":"logger/logger.go:45","msg":"init logger success"}
{"level":"INFO","time":"2024-06-22T23:05:26.302+0800","caller":"logger/logger.go:78","msg":"/api/v1/community/1","status":200,"method":"GET","path":"/api/v1/community/1","query":"","ip":"::1","user-agent":"PostmanRuntime/7.29.0","errors":"","cost":0.0195024}
{"level":"INFO","time":"2024-06-22T23:05:45.880+0800","caller":"logger/logger.go:78","msg":"/api/v1/community/3","status":200,"method":"GET","path":"/api/v1/community/3","query":"","ip":"::1","user-agent":"PostmanRuntime/7.29.0","errors":"","cost":0.0012922}
{"level":"INFO","time":"2024-06-22T23:06:13.411+0800","caller":"logger/logger.go:78","msg":"/api/v1/community/hehe","status":200,"method":"GET","path":"/api/v1/community/hehe","query":"","ip":"::1","user-agent":"PostmanRuntime/7.29.0","errors":"","cost":0.001294}
{"level":"INFO","time":"2024-06-22T23:06:24.504+0800","caller":"logger/logger.go:78","msg":"/api/v1/community/hehe","status":200,"method":"GET","path":"/api/v1/community/hehe","query":"","ip":"::1","user-agent":"PostmanRuntime/7.29.0","errors":"","cost":0.0006305}
{"level":"INFO","time":"2024-06-22T23:06:59.130+0800","caller":"logger/logger.go:45","msg":"init logger success"}
{"level":"INFO","time":"2024-06-22T23:07:00.924+0800","caller":"logger/logger.go:78","msg":"/api/v1/community/hehe","status":200,"method":"GET","path":"/api/v1/community/hehe","query":"","ip":"::1","user-agent":"PostmanRuntime/7.29.0","errors":"","cost":0.0003251}
{"level":"INFO","time":"2024-06-23T03:32:11.936+0800","caller":"logger/logger.go:45","msg":"init logger success"}
{"level":"INFO","time":"2024-06-23T03:34:14.523+0800","caller":"logger/logger.go:78","msg":"/api/v1/post","status":200,"method":"POST","path":"/api/v1/post","query":"","ip":"::1","user-agent":"PostmanRuntime/7.29.0","errors":"","cost":0}
{"level":"INFO","time":"2024-06-23T03:34:57.691+0800","caller":"logger/logger.go:45","msg":"init logger success"}
{"level":"DEBUG","time":"2024-06-23T03:34:59.313+0800","caller":"controller/post.go:14","msg":"c.ShouldBindJSON(p) error ","err":"invalid character '\\r' in string literal"}
{"level":"ERROR","time":"2024-06-23T03:34:59.313+0800","caller":"controller/post.go:15","msg":"Create Post with invalid param","error":"invalid character '\\r' in string literal"}
{"level":"INFO","time":"2024-06-23T03:34:59.313+0800","caller":"logger/logger.go:78","msg":"/api/v1/post","status":200,"method":"POST","path":"/api/v1/post","query":"","ip":"::1","user-agent":"PostmanRuntime/7.29.0","errors":"","cost":0.0005127}
{"level":"INFO","time":"2024-06-23T03:36:06.357+0800","caller":"logger/logger.go:45","msg":"init logger success"}
{"level":"DEBUG","time":"2024-06-23T03:36:30.309+0800","caller":"controller/post.go:14","msg":"c.ShouldBindJSON(p) error ","err":"invalid character 'ï' after object key:value pair"}
{"level":"ERROR","time":"2024-06-23T03:36:30.309+0800","caller":"controller/post.go:15","msg":"Create Post with invalid param","error":"invalid character 'ï' after object key:value pair"}
{"level":"INFO","time":"2024-06-23T03:36:30.310+0800","caller":"logger/logger.go:78","msg":"/api/v1/post","status":200,"method":"POST","path":"/api/v1/post","query":"","ip":"::1","user-agent":"PostmanRuntime/7.29.0","errors":"","cost":0.0005123}
{"level":"INFO","time":"2024-06-23T03:36:35.688+0800","caller":"logger/logger.go:78","msg":"/api/v1/post","status":200,"method":"POST","path":"/api/v1/post","query":"","ip":"::1","user-agent":"PostmanRuntime/7.29.0","errors":"","cost":0.007155}
{"level":"INFO","time":"2024-06-23T23:28:20.379+0800","caller":"logger/logger.go:45","msg":"init logger success"}
{"level":"INFO","time":"2024-06-23T23:28:44.057+0800","caller":"logger/logger.go:78","msg":"/v1/api/post/3147272324621799424","status":200,"method":"GET","path":"/v1/api/post/3147272324621799424","query":"","ip":"::1","user-agent":"PostmanRuntime/7.29.0","errors":"","cost":0.0005134}
{"level":"INFO","time":"2024-06-23T23:29:08.652+0800","caller":"logger/logger.go:78","msg":"/api/v1/post/3147272324621799424","status":200,"method":"GET","path":"/api/v1/post/3147272324621799424","query":"","ip":"::1","user-agent":"PostmanRuntime/7.29.0","errors":"","cost":0}
{"level":"INFO","time":"2024-06-23T23:31:55.361+0800","caller":"logger/logger.go:45","msg":"init logger success"}
{"level":"INFO","time":"2024-06-23T23:31:58.631+0800","caller":"logger/logger.go:78","msg":"/api/v1/post/3147272324621799424","status":200,"method":"GET","path":"/api/v1/post/3147272324621799424","query":"","ip":"::1","user-agent":"PostmanRuntime/7.29.0","errors":"","cost":0.0003131}
{"level":"INFO","time":"2024-06-23T23:32:26.079+0800","caller":"logger/logger.go:78","msg":"/api/v1/login","status":200,"method":"POST","path":"/api/v1/login","query":"","ip":"127.0.0.1","user-agent":"PostmanRuntime/7.29.0","errors":"","cost":0.0044649}
{"level":"INFO","time":"2024-06-23T23:32:47.246+0800","caller":"logger/logger.go:78","msg":"/api/v1/post/3147272324621799424","status":200,"method":"GET","path":"/api/v1/post/3147272324621799424","query":"","ip":"::1","user-agent":"PostmanRuntime/7.29.0","errors":"","cost":0.0018788}
{"level":"INFO","time":"2024-06-24T00:30:23.128+0800","caller":"logger/logger.go:45","msg":"init logger success"}
{"level":"INFO","time":"2024-06-24T00:33:46.697+0800","caller":"logger/logger.go:45","msg":"init logger success"}
{"level":"INFO","time":"2024-06-24T00:34:35.196+0800","caller":"logger/logger.go:45","msg":"init logger success"}
{"level":"INFO","time":"2024-06-24T00:35:23.012+0800","caller":"logger/logger.go:45","msg":"init logger success"}
{"level":"INFO","time":"2024-06-24T00:36:41.308+0800","caller":"logger/logger.go:45","msg":"init logger success"}
{"level":"INFO","time":"2024-06-24T01:51:02.563+0800","caller":"logger/logger.go:45","msg":"init logger success"}
{"level":"INFO","time":"2024-06-24T01:51:49.026+0800","caller":"logger/logger.go:78","msg":"/api/v1/post/3147272324621799424","status":200,"method":"GET","path":"/api/v1/post/3147272324621799424","query":"","ip":"::1","user-agent":"PostmanRuntime/7.29.0","errors":"","cost":0.0108133}
{"level":"INFO","time":"2024-06-24T02:00:11.774+0800","caller":"logger/logger.go:45","msg":"init logger success"}
{"level":"INFO","time":"2024-06-24T02:04:01.732+0800","caller":"logger/logger.go:45","msg":"init logger success"}
{"level":"INFO","time":"2024-06-24T02:06:14.686+0800","caller":"logger/logger.go:45","msg":"init logger success"}
{"level":"INFO","time":"2024-06-24T02:07:08.603+0800","caller":"logger/logger.go:45","msg":"init logger success"}
{"level":"INFO","time":"2024-06-24T02:07:15.781+0800","caller":"logger/logger.go:45","msg":"init logger success"}
{"level":"INFO","time":"2024-06-24T02:08:13.402+0800","caller":"logger/logger.go:45","msg":"init logger success"}
{"level":"INFO","time":"2024-06-24T03:02:37.234+0800","caller":"logger/logger.go:45","msg":"init logger success"}
{"level":"DEBUG","time":"2024-06-24T03:05:50.384+0800","caller":"controller/post.go:16","msg":"c.ShouldBindJSON(p) error ","err":"Key: 'Post.community_id' Error:Field validation for 'community_id' failed on the 'required' tag\nKey: 'Post.title' Error:Field validation for 'title' failed on the 'required' tag"}
{"level":"ERROR","time":"2024-06-24T03:05:50.384+0800","caller":"controller/post.go:17","msg":"Create Post with invalid param","error":"Key: 'Post.community_id' Error:Field validation for 'community_id' failed on the 'required' tag\nKey: 'Post.title' Error:Field validation for 'title' failed on the 'required' tag"}
{"level":"INFO","time":"2024-06-24T03:05:50.384+0800","caller":"logger/logger.go:78","msg":"/api/v1/post","status":200,"method":"POST","path":"/api/v1/post","query":"","ip":"::1","user-agent":"PostmanRuntime/7.29.0","errors":"","cost":0.0005145}
{"level":"DEBUG","time":"2024-06-24T03:06:09.030+0800","caller":"controller/post.go:16","msg":"c.ShouldBindJSON(p) error ","err":"Key: 'Post.community_id' Error:Field validation for 'community_id' failed on the 'required' tag"}
{"level":"ERROR","time":"2024-06-24T03:06:09.030+0800","caller":"controller/post.go:17","msg":"Create Post with invalid param","error":"Key: 'Post.community_id' Error:Field validation for 'community_id' failed on the 'required' tag"}
{"level":"INFO","time":"2024-06-24T03:06:09.030+0800","caller":"logger/logger.go:78","msg":"/api/v1/post","status":200,"method":"POST","path":"/api/v1/post","query":"","ip":"::1","user-agent":"PostmanRuntime/7.29.0","errors":"","cost":0.000104}
{"level":"DEBUG","time":"2024-06-24T03:06:40.082+0800","caller":"controller/post.go:16","msg":"c.ShouldBindJSON(p) error ","err":"Key: 'Post.community_id' Error:Field validation for 'community_id' failed on the 'required' tag"}
{"level":"ERROR","time":"2024-06-24T03:06:40.082+0800","caller":"controller/post.go:17","msg":"Create Post with invalid param","error":"Key: 'Post.community_id' Error:Field validation for 'community_id' failed on the 'required' tag"}
{"level":"INFO","time":"2024-06-24T03:06:40.082+0800","caller":"logger/logger.go:78","msg":"/api/v1/post","status":200,"method":"POST","path":"/api/v1/post","query":"","ip":"::1","user-agent":"PostmanRuntime/7.29.0","errors":"","cost":0}
{"level":"DEBUG","time":"2024-06-24T03:06:55.314+0800","caller":"controller/post.go:16","msg":"c.ShouldBindJSON(p) error ","err":"Key: 'Post.community_id' Error:Field validation for 'community_id' failed on the 'required' tag"}
{"level":"ERROR","time":"2024-06-24T03:06:55.314+0800","caller":"controller/post.go:17","msg":"Create Post with invalid param","error":"Key: 'Post.community_id' Error:Field validation for 'community_id' failed on the 'required' tag"}
{"level":"INFO","time":"2024-06-24T03:06:55.314+0800","caller":"logger/logger.go:78","msg":"/api/v1/post","status":200,"method":"POST","path":"/api/v1/post","query":"","ip":"::1","user-agent":"PostmanRuntime/7.29.0","errors":"","cost":0}
{"level":"DEBUG","time":"2024-06-24T03:08:22.842+0800","caller":"controller/post.go:16","msg":"c.ShouldBindJSON(p) error ","err":"Key: 'Post.community_id' Error:Field validation for 'community_id' failed on the 'required' tag"}
{"level":"ERROR","time":"2024-06-24T03:08:22.843+0800","caller":"controller/post.go:17","msg":"Create Post with invalid param","error":"Key: 'Post.community_id' Error:Field validation for 'community_id' failed on the 'required' tag"}
{"level":"INFO","time":"2024-06-24T03:08:22.843+0800","caller":"logger/logger.go:78","msg":"/api/v1/post","status":200,"method":"POST","path":"/api/v1/post","query":"","ip":"::1","user-agent":"PostmanRuntime/7.29.0","errors":"","cost":0.0007939}
{"level":"INFO","time":"2024-06-24T03:08:57.685+0800","caller":"logger/logger.go:78","msg":"/api/v1/post","status":200,"method":"POST","path":"/api/v1/post","query":"","ip":"::1","user-agent":"PostmanRuntime/7.29.0","errors":"","cost":0.0071947}
{"level":"INFO","time":"2024-06-24T03:09:35.893+0800","caller":"logger/logger.go:45","msg":"init logger success"}
{"level":"INFO","time":"2024-06-24T03:10:05.080+0800","caller":"logger/logger.go:78","msg":"/api/v1/post","status":200,"method":"POST","path":"/api/v1/post","query":"","ip":"::1","user-agent":"PostmanRuntime/7.29.0","errors":"","cost":0.0036318}
{"level":"INFO","time":"2024-06-24T03:10:46.434+0800","caller":"logger/logger.go:78","msg":"/api/v1/posts/","status":200,"method":"GET","path":"/api/v1/posts/","query":"","ip":"::1","user-agent":"PostmanRuntime/7.29.0","errors":"","cost":0.0026049}
{"level":"INFO","time":"2024-06-24T03:26:47.325+0800","caller":"logger/logger.go:45","msg":"init logger success"}
{"level":"INFO","time":"2024-06-24T03:32:22.157+0800","caller":"logger/logger.go:45","msg":"init logger success"}
{"level":"INFO","time":"2024-06-24T03:35:08.412+0800","caller":"logger/logger.go:45","msg":"init logger success"}
{"level":"INFO","time":"2024-06-24T03:36:16.254+0800","caller":"logger/logger.go:45","msg":"init logger success"}
{"level":"INFO","time":"2024-06-24T03:36:47.672+0800","caller":"logger/logger.go:45","msg":"init logger success"}
{"level":"INFO","time":"2024-06-24T03:40:07.968+0800","caller":"logger/logger.go:45","msg":"init logger success"}
{"level":"INFO","time":"2024-06-24T03:43:18.763+0800","caller":"logger/logger.go:45","msg":"init logger success"}
{"level":"INFO","time":"2024-06-24T03:44:03.576+0800","caller":"logger/logger.go:78","msg":"/api/v1/posts/","status":200,"method":"GET","path":"/api/v1/posts/","query":"","ip":"::1","user-agent":"PostmanRuntime/7.29.0","errors":"","cost":0.0042788}
{"level":"INFO","time":"2024-06-24T03:44:43.907+0800","caller":"logger/logger.go:78","msg":"/api/v1/posts/","status":200,"method":"GET","path":"/api/v1/posts/","query":"size=1","ip":"::1","user-agent":"PostmanRuntime/7.29.0","errors":"","cost":0.001848}
{"level":"INFO","time":"2024-06-24T03:45:15.916+0800","caller":"logger/logger.go:78","msg":"/api/v1/posts/","status":200,"method":"GET","path":"/api/v1/posts/","query":"size=1&page=2","ip":"::1","user-agent":"PostmanRuntime/7.29.0","errors":"","cost":0.0015199}
{"level":"INFO","time":"2024-06-24T03:45:22.102+0800","caller":"logger/logger.go:78","msg":"/api/v1/posts/","status":200,"method":"GET","path":"/api/v1/posts/","query":"size=1&page=3","ip":"::1","user-agent":"PostmanRuntime/7.29.0","errors":"","cost":0.0008392}
{"level":"INFO","time":"2024-06-24T03:46:43.382+0800","caller":"logger/logger.go:45","msg":"init logger success"}
{"level":"INFO","time":"2024-06-24T03:48:39.139+0800","caller":"logger/logger.go:45","msg":"init logger success"}
{"level":"INFO","time":"2024-06-24T03:48:45.849+0800","caller":"logger/logger.go:78","msg":"/api/v1/posts/","status":200,"method":"GET","path":"/api/v1/posts/","query":"size=1&page=2","ip":"::1","user-agent":"PostmanRuntime/7.29.0","errors":"","cost":0.0025714}
{"level":"INFO","time":"2024-06-24T03:48:51.548+0800","caller":"logger/logger.go:78","msg":"/api/v1/posts/","status":200,"method":"GET","path":"/api/v1/posts/","query":"size=2","ip":"::1","user-agent":"PostmanRuntime/7.29.0","errors":"","cost":0.0023431}
{"level":"INFO","time":"2024-06-24T03:48:56.158+0800","caller":"logger/logger.go:78","msg":"/api/v1/posts/","status":200,"method":"GET","path":"/api/v1/posts/","query":"size=1","ip":"::1","user-agent":"PostmanRuntime/7.29.0","errors":"","cost":0.0015154}
{"level":"INFO","time":"2024-06-24T04:04:19.201+0800","caller":"logger/logger.go:45","msg":"init logger success"}
{"level":"INFO","time":"2024-06-24T04:11:23.359+0800","caller":"logger/logger.go:45","msg":"init logger success"}
{"level":"INFO","time":"2024-06-24T04:18:39.184+0800","caller":"logger/logger.go:45","msg":"init logger success"}
{"level":"INFO","time":"2024-06-25T03:00:55.892+0800","caller":"logger/logger.go:45","msg":"init logger success"}
{"level":"INFO","time":"2024-06-25T03:02:57.507+0800","caller":"logger/logger.go:78","msg":"/api/v1/post","status":200,"method":"POST","path":"/api/v1/post","query":"","ip":"::1","user-agent":"PostmanRuntime/7.29.0","errors":"","cost":0}
{"level":"INFO","time":"2024-06-25T03:03:10.077+0800","caller":"logger/logger.go:78","msg":"/api/v1/login","status":200,"method":"POST","path":"/api/v1/login","query":"","ip":"127.0.0.1","user-agent":"PostmanRuntime/7.29.0","errors":"","cost":0.029862}
{"level":"INFO","time":"2024-06-25T03:03:31.497+0800","caller":"logger/logger.go:78","msg":"/api/v1/post","status":200,"method":"POST","path":"/api/v1/post","query":"","ip":"::1","user-agent":"PostmanRuntime/7.29.0","errors":"","cost":0.0143831}
{"level":"INFO","time":"2024-06-25T03:03:42.343+0800","caller":"logger/logger.go:78","msg":"/api/v1/posts/","status":200,"method":"GET","path":"/api/v1/posts/","query":"","ip":"::1","user-agent":"PostmanRuntime/7.29.0","errors":"","cost":0.0138086}
{"level":"INFO","time":"2024-06-25T03:15:42.372+0800","caller":"logger/logger.go:45","msg":"init logger success"}
{"level":"INFO","time":"2024-06-25T03:16:25.638+0800","caller":"logger/logger.go:78","msg":"/api/v1/posts/","status":200,"method":"GET","path":"/api/v1/posts/","query":"","ip":"::1","user-agent":"PostmanRuntime/7.29.0","errors":"","cost":0.003119}
{"level":"INFO","time":"2024-06-25T03:16:55.482+0800","caller":"logger/logger.go:78","msg":"/api/v1/post","status":200,"method":"POST","path":"/api/v1/post","query":"","ip":"::1","user-agent":"PostmanRuntime/7.29.0","errors":"","cost":0.0026402}
{"level":"INFO","time":"2024-06-25T03:16:59.583+0800","caller":"logger/logger.go:78","msg":"/api/v1/posts/","status":200,"method":"GET","path":"/api/v1/posts/","query":"","ip":"::1","user-agent":"PostmanRuntime/7.29.0","errors":"","cost":0.0025788}
{"level":"INFO","time":"2024-06-25T03:18:42.857+0800","caller":"logger/logger.go:78","msg":"/api/v1/votae","status":200,"method":"POST","path":"/api/v1/votae","query":"","ip":"::1","user-agent":"PostmanRuntime/7.29.0","errors":"","cost":0}
{"level":"INFO","time":"2024-06-25T03:18:53.876+0800","caller":"logger/logger.go:78","msg":"/api/v1/vote","status":200,"method":"POST","path":"/api/v1/vote","query":"","ip":"::1","user-agent":"PostmanRuntime/7.29.0","errors":"","cost":0}
{"level":"INFO","time":"2024-06-25T03:19:20.911+0800","caller":"logger/logger.go:78","msg":"/api/v1/vote","status":200,"method":"POST","path":"/api/v1/vote","query":"","ip":"::1","user-agent":"PostmanRuntime/7.29.0","errors":"","cost":0}
{"level":"INFO","time":"2024-06-25T03:19:45.668+0800","caller":"logger/logger.go:78","msg":"/api/v1/vote","status":200,"method":"POST","path":"/api/v1/vote","query":"","ip":"::1","user-agent":"PostmanRuntime/7.29.0","errors":"","cost":0}
{"level":"INFO","time":"2024-06-25T03:21:01.991+0800","caller":"logger/logger.go:78","msg":"/api/v1/vote","status":200,"method":"POST","path":"/api/v1/vote","query":"","ip":"::1","user-agent":"PostmanRuntime/7.29.0","errors":"","cost":0}
{"level":"INFO","time":"2024-06-25T03:21:51.187+0800","caller":"logger/logger.go:78","msg":"/api/v1/vote","status":200,"method":"POST","path":"/api/v1/vote","query":"","ip":"::1","user-agent":"PostmanRuntime/7.29.0","errors":"","cost":0}
{"level":"INFO","time":"2024-06-25T03:22:41.511+0800","caller":"logger/logger.go:78","msg":"/api/v1/vote","status":200,"method":"POST","path":"/api/v1/vote","query":"","ip":"::1","user-agent":"PostmanRuntime/7.29.0","errors":"","cost":0}
{"level":"INFO","time":"2024-06-25T03:22:51.128+0800","caller":"logger/logger.go:78","msg":"/api/v1/vote","status":200,"method":"POST","path":"/api/v1/vote","query":"","ip":"::1","user-agent":"PostmanRuntime/7.29.0","errors":"","cost":0}
{"level":"INFO","time":"2024-06-25T03:22:54.506+0800","caller":"logger/logger.go:78","msg":"/api/v1/vote","status":200,"method":"POST","path":"/api/v1/vote","query":"","ip":"::1","user-agent":"PostmanRuntime/7.29.0","errors":"","cost":0.001}
{"level":"INFO","time":"2024-06-25T03:25:12.725+0800","caller":"logger/logger.go:78","msg":"/api/v1/vote","status":200,"method":"POST","path":"/api/v1/vote","query":"","ip":"::1","user-agent":"PostmanRuntime/7.29.0","errors":"","cost":0}
{"level":"INFO","time":"2024-06-25T03:25:18.979+0800","caller":"logger/logger.go:78","msg":"/api/v1/vote","status":200,"method":"POST","path":"/api/v1/vote","query":"","ip":"::1","user-agent":"PostmanRuntime/7.29.0","errors":"","cost":0}
{"level":"INFO","time":"2024-06-25T03:25:29.799+0800","caller":"logger/logger.go:78","msg":"/api/v1/vote","status":200,"method":"POST","path":"/api/v1/vote","query":"","ip":"::1","user-agent":"PostmanRuntime/7.29.0","errors":"","cost":0}
{"level":"INFO","time":"2024-06-25T03:25:30.367+0800","caller":"logger/logger.go:78","msg":"/api/v1/vote","status":200,"method":"POST","path":"/api/v1/vote","query":"","ip":"::1","user-agent":"PostmanRuntime/7.29.0","errors":"","cost":0}
{"level":"INFO","time":"2024-06-25T03:27:14.513+0800","caller":"logger/logger.go:45","msg":"init logger success"}
{"level":"DEBUG","time":"2024-06-25T03:27:16.262+0800","caller":"logic/vote.go:12","msg":"VoteForPost","userID":3146921382328143872,"postID":"3147992150222835712","direction":1}
{"level":"INFO","time":"2024-06-25T03:27:16.264+0800","caller":"logger/logger.go:78","msg":"/api/v1/vote","status":200,"method":"POST","path":"/api/v1/vote","query":"","ip":"::1","user-agent":"PostmanRuntime/7.29.0","errors":"","cost":0.0015417}
{"level":"INFO","time":"2024-06-25T03:38:59.545+0800","caller":"logger/logger.go:45","msg":"init logger success"}
{"level":"INFO","time":"2024-06-25T03:40:22.344+0800","caller":"logger/logger.go:45","msg":"init logger success"}
{"level":"INFO","time":"2024-06-25T03:40:53.480+0800","caller":"logger/logger.go:45","msg":"init logger success"}
{"level":"INFO","time":"2024-06-25T03:41:11.349+0800","caller":"logger/logger.go:45","msg":"init logger success"}
{"level":"INFO","time":"2024-06-25T03:42:04.969+0800","caller":"logger/logger.go:45","msg":"init logger success"}
{"level":"INFO","time":"2024-06-25T03:42:49.087+0800","caller":"logger/logger.go:45","msg":"init logger success"}
{"level":"DEBUG","time":"2024-06-25T03:43:06.669+0800","caller":"logic/vote.go:12","msg":"VoteForPost","userID":3146921382328143872,"postID":"3147992150222835712","direction":-1}
{"level":"INFO","time":"2024-06-25T03:43:06.670+0800","caller":"logger/logger.go:78","msg":"/api/v1/vote","status":200,"method":"POST","path":"/api/v1/vote","query":"","ip":"::1","user-agent":"PostmanRuntime/7.29.0","errors":"","cost":0.0009275}
{"level":"DEBUG","time":"2024-06-25T03:44:00.214+0800","caller":"logic/vote.go:12","msg":"VoteForPost","userID":3146921382328143872,"postID":"3147992150222835712","direction":0}
{"level":"INFO","time":"2024-06-25T03:44:00.214+0800","caller":"logger/logger.go:78","msg":"/api/v1/vote","status":200,"method":"POST","path":"/api/v1/vote","query":"","ip":"::1","user-agent":"PostmanRuntime/7.29.0","errors":"","cost":0.0010381}
{"level":"DEBUG","time":"2024-06-25T03:56:59.898+0800","caller":"logic/vote.go:12","msg":"VoteForPost","userID":3146921382328143872,"postID":"3147992150222835712","direction":1}
{"level":"INFO","time":"2024-06-25T03:56:59.903+0800","caller":"logger/logger.go:78","msg":"/api/v1/vote","status":200,"method":"POST","path":"/api/v1/vote","query":"","ip":"::1","user-agent":"PostmanRuntime/7.29.0","errors":"","cost":0.0053716}
{"level":"INFO","time":"2024-06-25T03:57:45.232+0800","caller":"logger/logger.go:78","msg":"/api/v1/vote","status":200,"method":"POST","path":"/api/v1/vote","query":"","ip":"::1","user-agent":"PostmanRuntime/7.29.0","errors":"","cost":0}
{"level":"INFO","time":"2024-06-25T03:58:07.616+0800","caller":"logger/logger.go:78","msg":"/api/v1/poat","status":200,"method":"POST","path":"/api/v1/poat","query":"","ip":"::1","user-agent":"PostmanRuntime/7.29.0","errors":"","cost":0}
{"level":"INFO","time":"2024-06-25T03:58:19.735+0800","caller":"logger/logger.go:78","msg":"/api/v1/post","status":200,"method":"POST","path":"/api/v1/post","query":"","ip":"::1","user-agent":"PostmanRuntime/7.29.0","errors":"","cost":0.0044589}
{"level":"INFO","time":"2024-06-25T03:58:25.120+0800","caller":"logger/logger.go:78","msg":"/api/v1/posts/","status":200,"method":"GET","path":"/api/v1/posts/","query":"","ip":"::1","user-agent":"PostmanRuntime/7.29.0","errors":"","cost":0.0046621}
{"level":"DEBUG","time":"2024-06-25T03:58:41.337+0800","caller":"logic/vote.go:12","msg":"VoteForPost","userID":3146921382328143872,"postID":"3148002569930936320","direction":1}
{"level":"INFO","time":"2024-06-25T03:58:41.337+0800","caller":"logger/logger.go:78","msg":"/api/v1/vote","status":200,"method":"POST","path":"/api/v1/vote","query":"","ip":"::1","user-agent":"PostmanRuntime/7.29.0","errors":"","cost":0.0005325}
{"level":"INFO","time":"2024-06-25T04:01:39.051+0800","caller":"logger/logger.go:78","msg":"/api/v1/post","status":200,"method":"POST","path":"/api/v1/post","query":"","ip":"::1","user-agent":"PostmanRuntime/7.29.0","errors":"","cost":0.0038072}
{"level":"INFO","time":"2024-06-25T04:01:43.881+0800","caller":"logger/logger.go:78","msg":"/api/v1/posts/","status":200,"method":"GET","path":"/api/v1/posts/","query":"","ip":"::1","user-agent":"PostmanRuntime/7.29.0","errors":"","cost":0.0073089}
{"level":"DEBUG","time":"2024-06-25T04:01:54.169+0800","caller":"logic/vote.go:12","msg":"VoteForPost","userID":3146921382328143872,"postID":"3146921382328143872","direction":1}
{"level":"ERROR","time":"2024-06-25T04:01:54.169+0800","caller":"controller/vote.go:31","msg":"logic.VoteForPost failed","error":"投票时间已过"}
{"level":"INFO","time":"2024-06-25T04:01:54.169+0800","caller":"logger/logger.go:78","msg":"/api/v1/vote","status":200,"method":"POST","path":"/api/v1/vote","query":"","ip":"::1","user-agent":"PostmanRuntime/7.29.0","errors":"","cost":0.0010576}
{"level":"DEBUG","time":"2024-06-25T04:02:06.603+0800","caller":"logic/vote.go:12","msg":"VoteForPost","userID":3146921382328143872,"postID":"3148003405922832384","direction":1}
{"level":"INFO","time":"2024-06-25T04:02:06.604+0800","caller":"logger/logger.go:78","msg":"/api/v1/vote","status":200,"method":"POST","path":"/api/v1/vote","query":"","ip":"::1","user-agent":"PostmanRuntime/7.29.0","errors":"","cost":0.0008752}
{"level":"INFO","time":"2024-06-25T04:12:35.179+0800","caller":"logger/logger.go:45","msg":"init logger success"}
{"level":"INFO","time":"2024-06-25T04:12:56.208+0800","caller":"logger/logger.go:45","msg":"init logger success"}
{"level":"INFO","time":"2024-06-25T04:13:16.757+0800","caller":"logger/logger.go:45","msg":"init logger success"}
{"level":"INFO","time":"2024-06-26T02:20:50.366+0800","caller":"logger/logger.go:45","msg":"init logger success"}
{"level":"INFO","time":"2024-06-26T02:21:33.473+0800","caller":"logger/logger.go:45","msg":"init logger success"}
{"level":"INFO","time":"2024-06-26T02:26:31.738+0800","caller":"logger/logger.go:45","msg":"init logger success"}
{"level":"INFO","time":"2024-06-26T02:27:28.290+0800","caller":"logger/logger.go:78","msg":"/api/v1/posts2","status":200,"method":"GET","path":"/api/v1/posts2","query":"page=1&size=2&order=time","ip":"::1","user-agent":"PostmanRuntime/7.29.0","errors":"","cost":0}
{"level":"INFO","time":"2024-06-26T02:27:52.145+0800","caller":"logger/logger.go:78","msg":"/api/v1/login","status":200,"method":"POST","path":"/api/v1/login","query":"","ip":"127.0.0.1","user-agent":"PostmanRuntime/7.29.0","errors":"","cost":0.0345036}
{"level":"INFO","time":"2024-06-26T02:28:31.307+0800","caller":"logger/logger.go:78","msg":"/api/v1/posts2","status":200,"method":"GET","path":"/api/v1/posts2","query":"page=1&size=2&order=time","ip":"::1","user-agent":"PostmanRuntime/7.29.0","errors":"","cost":0.016279}
{"level":"INFO","time":"2024-06-26T02:30:00.969+0800","caller":"logger/logger.go:45","msg":"init logger success"}
{"level":"INFO","time":"2024-06-26T02:30:05.350+0800","caller":"logger/logger.go:45","msg":"init logger success"}
{"level":"INFO","time":"2024-06-26T02:30:31.717+0800","caller":"logger/logger.go:45","msg":"init logger success"}
{"level":"INFO","time":"2024-06-26T02:30:37.299+0800","caller":"logger/logger.go:45","msg":"init logger success"}
{"level":"INFO","time":"2024-06-26T02:30:53.834+0800","caller":"logger/logger.go:45","msg":"init logger success"}
{"level":"INFO","time":"2024-06-26T02:30:57.773+0800","caller":"logger/logger.go:45","msg":"init logger success"}
{"level":"INFO","time":"2024-06-26T02:34:04.917+0800","caller":"logger/logger.go:45","msg":"init logger success"}
{"level":"INFO","time":"2024-06-26T02:34:46.193+0800","caller":"logger/logger.go:45","msg":"init logger success"}
{"level":"INFO","time":"2024-06-26T02:35:24.119+0800","caller":"logger/logger.go:45","msg":"init logger success"}
{"level":"DEBUG","time":"2024-06-26T02:35:33.362+0800","caller":"logic/post.go:89","msg":"GetPostList2","ids":["3148002569930936320","3147992150222835712"]}
{"level":"DEBUG","time":"2024-06-26T02:35:33.371+0800","caller":"logic/post.go:95","msg":"GetPostList2","posts":[{"id":3148002569930936320,"author":3146921382328143872,"community_id":4,"status":0,"title":"创","content":"加","create_time":"2024-06-25T03:58:19+08:00"},{"id":3147992150222835712,"author":3146921382328143872,"community_id":2,"status":0,"title":"创建帖子唉2","content":"加油2","create_time":"2024-06-25T03:16:55+08:00"}]}
{"level":"INFO","time":"2024-06-26T02:35:33.386+0800","caller":"logger/logger.go:78","msg":"/api/v1/posts2","status":200,"method":"GET","path":"/api/v1/posts2","query":"page=1&size=2&order=time","ip":"::1","user-agent":"PostmanRuntime/7.29.0","errors":"","cost":0.024493}
{"level":"INFO","time":"2024-06-26T02:39:53.400+0800","caller":"logger/logger.go:45","msg":"init logger success"}
{"level":"INFO","time":"2024-06-26T03:13:47.939+0800","caller":"logger/logger.go:45","msg":"init logger success"}
{"level":"INFO","time":"2024-06-26T03:13:57.042+0800","caller":"logger/logger.go:45","msg":"init logger success"}
{"level":"INFO","time":"2024-06-26T03:14:38.158+0800","caller":"logger/logger.go:45","msg":"init logger success"}
{"level":"INFO","time":"2024-06-26T03:14:53.998+0800","caller":"logger/logger.go:45","msg":"init logger success"}
{"level":"INFO","time":"2024-06-26T03:23:45.271+0800","caller":"logger/logger.go:45","msg":"init logger success"}
{"level":"INFO","time":"2024-06-26T03:26:10.412+0800","caller":"logger/logger.go:45","msg":"init logger success"}
{"level":"INFO","time":"2024-06-26T03:26:32.665+0800","caller":"logger/logger.go:45","msg":"init logger success"}
{"level":"INFO","time":"2024-06-26T03:27:15.104+0800","caller":"logger/logger.go:45","msg":"init logger success"}
{"level":"INFO","time":"2024-06-26T03:29:40.565+0800","caller":"logger/logger.go:45","msg":"init logger success"}
{"level":"INFO","time":"2024-06-26T03:34:45.286+0800","caller":"logger/logger.go:45","msg":"init logger success"}
{"level":"INFO","time":"2024-06-26T03:35:36.675+0800","caller":"logger/logger.go:45","msg":"init logger success"}
{"level":"INFO","time":"2024-06-26T03:38:39.079+0800","caller":"logger/logger.go:45","msg":"init logger success"}
{"level":"INFO","time":"2024-06-26T03:38:49.736+0800","caller":"logger/logger.go:45","msg":"init logger success"}
{"level":"INFO","time":"2024-06-26T03:39:02.277+0800","caller":"logger/logger.go:45","msg":"init logger success"}
{"level":"INFO","time":"2024-06-26T03:41:56.103+0800","caller":"logger/logger.go:45","msg":"init logger success"}
{"level":"INFO","time":"2024-06-26T03:41:59.066+0800","caller":"logger/logger.go:45","msg":"init logger success"}
{"level":"INFO","time":"2024-06-26T03:42:03.654+0800","caller":"logger/logger.go:45","msg":"init logger success"}
{"level":"INFO","time":"2024-06-26T03:48:34.159+0800","caller":"logger/logger.go:45","msg":"init logger success"}
{"level":"INFO","time":"2024-06-26T03:51:24.775+0800","caller":"logger/logger.go:45","msg":"init logger success"}
{"level":"INFO","time":"2024-06-26T03:54:07.489+0800","caller":"logger/logger.go:45","msg":"init logger success"}
